<?xml version="1.0" encoding="UTF-8"?>
<!-- Generated by org.testng.reporters.JUnitXMLReporter -->
<testsuite ignored="0" hostname="LAPTOP-BM22L539" failures="0" tests="2" name="Test" time="143.15" errors="0" timestamp="2025-10-16T06:19:59 IST">
  <testcase classname="com.idem.web.automation.TestCase1_loginToAmazon" name="withcredential" time="54.989"/>
  <testcase classname="com.idem.web.automation.TestCase2_loginToAmazonandLogout" name="withcredential" time="53.427"/>
</testsuite> <!-- Test -->
