<?xml version="1.0" encoding="UTF-8"?>
<testng-results ignored="0" total="1" passed="1" failed="0" skipped="0">
  <reporter-output>
    <line>
      <![CDATA[Edge Browser launched Succesfully]]>
    </line>
    <line>
      <![CDATA[User try to click on Logout->Hovover on Account and List]]>
    </line>
    <line>
      <![CDATA[User should logged out from  the application successfully]]>
    </line>
    <line>
      <![CDATA[Test  Case  is Pass- Listeners Logic  is started]]>
    </line>
    <line>
      <![CDATA[✅ Test Passed: withcredential]]>
    </line>
    <line>
      <![CDATA[Screenshot is comppleted]]>
    </line>
    <line>
      <![CDATA[browser closed successfully]]>
    </line>
  </reporter-output>
  <suite started-at="2025-10-21T15:11:02 IST" name="Integration Suite" finished-at="2025-10-21T15:11:28 IST" duration-ms="26014">
    <groups>
    </groups>
    <test started-at="2025-10-21T15:11:02 IST" name="Test" finished-at="2025-10-21T15:11:28 IST" duration-ms="26014">
      <class name="com.idem.web.automation.TestCase2_loginToAmazonandLogout">
        <test-method is-config="true" signature="launchBrowser(java.lang.String)[pri:0, instance:com.idem.web.automation.TestCase2_loginToAmazonandLogout@44c03695]" started-at="2025-10-21T15:11:02 IST" name="launchBrowser" finished-at="2025-10-21T15:11:11 IST" duration-ms="8810" status="PASS">
          <params>
            <param index="0">
              <value>
                <![CDATA[edge]]>
              </value>
            </param>
          </params>
          <reporter-output>
            <line>
              <![CDATA[Edge Browser launched Succesfully]]>
            </line>
          </reporter-output>
        </test-method> <!-- launchBrowser -->
        <test-method signature="withcredential()[pri:0, instance:com.idem.web.automation.TestCase2_loginToAmazonandLogout@44c03695]" started-at="2025-10-21T15:11:11 IST" name="withcredential" description="Login to Amazon with valid credentials" finished-at="2025-10-21T15:11:25 IST" duration-ms="13651" status="PASS">
          <reporter-output>
            <line>
              <![CDATA[User try to click on Logout->Hovover on Account and List]]>
            </line>
            <line>
              <![CDATA[User should logged out from  the application successfully]]>
            </line>
            <line>
              <![CDATA[Test  Case  is Pass- Listeners Logic  is started]]>
            </line>
            <line>
              <![CDATA[✅ Test Passed: withcredential]]>
            </line>
            <line>
              <![CDATA[Screenshot is comppleted]]>
            </line>
          </reporter-output>
        </test-method> <!-- withcredential -->
        <test-method is-config="true" signature="quit()[pri:0, instance:com.idem.web.automation.TestCase2_loginToAmazonandLogout@44c03695]" started-at="2025-10-21T15:11:25 IST" name="quit" finished-at="2025-10-21T15:11:28 IST" duration-ms="3255" status="PASS">
          <reporter-output>
            <line>
              <![CDATA[browser closed successfully]]>
            </line>
          </reporter-output>
        </test-method> <!-- quit -->
      </class> <!-- com.idem.web.automation.TestCase2_loginToAmazonandLogout -->
    </test> <!-- Test -->
  </suite> <!-- Integration Suite -->
</testng-results>
