<?xml version="1.0" encoding="UTF-8"?>
<!-- Generated by org.testng.reporters.JUnitXMLReporter -->
<testsuite ignored="0" hostname="LAPTOP-BM22L539" failures="0" tests="3" name="Testing on  Edge " time="120.884" errors="0" timestamp="2025-10-16T06:25:52 IST">
  <testcase classname="com.idem.web.automation.TestCase1_loginToAmazon" name="withcredential" time="27.237"/>
  <testcase classname="com.idem.web.automation.TestCase2_loginToAmazonandLogout" name="withcredential" time="27.347"/>
  <testcase classname="com.idem.web.automation.TestCase3_loginToAmazonSearchProducts" name="withcredential" time="18.444"/>
</testsuite> <!-- Testing on  Edge  -->
